<?xml version="1.0" encoding="UTF-8"?>
<testng-results ignored="0" total="0" passed="0" failed="0" skipped="0">
  <reporter-output>
  </reporter-output>
  <suite started-at="2022-06-13T23:24:38 ART" name="com.selenium.test.PrincipalTest" finished-at="2022-06-13T23:24:38 ART" duration-ms="7">
    <groups>
    </groups>
    <test started-at="2022-06-13T23:24:38 ART" name="Command line test" finished-at="2022-06-13T23:24:38 ART" duration-ms="7">
    </test> <!-- Command line test -->
  </suite> <!-- com.selenium.test.PrincipalTest -->
</testng-results>
